<component name="libraryTable">
  <library name="JUnit4">
    <CLASSES>
      <root url="jar://$PROJECT_DIR$/lib/junit4/junit-4.1.jar!/" />
    </CLASSES>
    <JAVADOC />
    <SOURCES>
      <root url="jar://$PROJECT_DIR$/lib/junit4/junit-4.1-src.jar!/" />
    </SOURCES>
  </library>
</component>