<?xml version="1.0" encoding="ISO-8859-1"?>
<project name="test" default="test">
  <property environment="env"/>    
  <property file="./test.properties"/>
  <taskdef resource="jetbrains/mps/build/ant/antlib.xml"
         classpath="${mps_home}/languages/generate.ant.task.jar"/>

  <target name="test">
    <mps.test.generation fork="true" mpshome="${mps_home}" loglevel="info" invokeTests="true">
          <jvmargs>            
            <arg value="-Xmx1200m"/>
            <arg value="-XX:MaxPermSize=100m"/>
            <arg value="-Xdebug"/>
            <arg value="-Xrunjdwp:transport=dt_socket,server=y,suspend=y,address=5005"/>
            <arg value="-Didea.system.path=${mps.platform.caches}/system"/>
            <arg value="-Didea.config.path=${mps.platform.caches}/config"/>
            <arg value="-Didea.plugins.path=${mps.platform.caches}/plugins"/>
          </jvmargs>
          <macro name="mps_home" path="${mps_home}"/>          
          <project dir="." wholeProject="true">
             <filename name="ui.mpr"/>
          </project>
    </mps.test.generation>
  </target>

</project>

